1695471217.305920 client started (3911): version 3.3a, socket /tmp/tmux-1000/default, protocol 8
1695471217.306075 on Linux 6.5.4-2-cachyos #1 SMP PREEMPT_DYNAMIC Thu, 21 Sep 2023 20:30:59 +0000
1695471217.306079 using libevent 2.1.12-stable (poll); ncurses 6.4
1695471217.306087 flags are 0x18010000
1695471217.306092 socket is /tmp/tmux-1000/default
1695471217.306099 trying connect
1695471217.306138 add peer 0x5643bfacd080: 6 ((nil))
1695471217.306325 sending message 100 to peer 0x5643bfacd080 (4 bytes)
1695471217.306333 sending message 111 to peer 0x5643bfacd080 (8 bytes)
1695471217.306336 sending message 101 to peer 0x5643bfacd080 (15 bytes)
1695471217.306339 sending message 109 to peer 0x5643bfacd080 (4 bytes)
1695471217.306341 sending message 102 to peer 0x5643bfacd080 (11 bytes)
1695471217.306344 sending message 108 to peer 0x5643bfacd080 (53 bytes)
1695471217.306347 sending message 112 to peer 0x5643bfacd080 (58 bytes)
1695471217.306349 sending message 112 to peer 0x5643bfacd080 (5 bytes)
1695471217.306352 sending message 112 to peer 0x5643bfacd080 (5 bytes)
1695471217.306368 sending message 112 to peer 0x5643bfacd080 (6 bytes)
1695471217.306372 sending message 112 to peer 0x5643bfacd080 (6 bytes)
1695471217.306376 sending message 112 to peer 0x5643bfacd080 (11 bytes)
1695471217.306379 sending message 112 to peer 0x5643bfacd080 (10 bytes)
1695471217.306383 sending message 112 to peer 0x5643bfacd080 (13 bytes)
1695471217.306386 sending message 112 to peer 0x5643bfacd080 (14 bytes)
1695471217.306389 sending message 112 to peer 0x5643bfacd080 (19 bytes)
1695471217.306393 sending message 112 to peer 0x5643bfacd080 (11 bytes)
1695471217.306396 sending message 112 to peer 0x5643bfacd080 (10 bytes)
1695471217.306400 sending message 112 to peer 0x5643bfacd080 (15 bytes)
1695471217.306406 sending message 112 to peer 0x5643bfacd080 (21 bytes)
1695471217.306410 sending message 112 to peer 0x5643bfacd080 (13 bytes)
1695471217.306413 sending message 112 to peer 0x5643bfacd080 (7 bytes)
1695471217.306417 sending message 112 to peer 0x5643bfacd080 (13 bytes)
1695471217.306420 sending message 112 to peer 0x5643bfacd080 (7 bytes)
1695471217.306424 sending message 112 to peer 0x5643bfacd080 (13 bytes)
1695471217.306429 sending message 112 to peer 0x5643bfacd080 (9 bytes)
1695471217.306433 sending message 112 to peer 0x5643bfacd080 (21 bytes)
1695471217.306436 sending message 112 to peer 0x5643bfacd080 (13 bytes)
1695471217.306440 sending message 112 to peer 0x5643bfacd080 (9 bytes)
1695471217.306443 sending message 112 to peer 0x5643bfacd080 (16 bytes)
1695471217.306448 sending message 112 to peer 0x5643bfacd080 (13 bytes)
1695471217.306451 sending message 112 to peer 0x5643bfacd080 (9 bytes)
1695471217.306456 sending message 112 to peer 0x5643bfacd080 (9 bytes)
1695471217.306459 sending message 112 to peer 0x5643bfacd080 (12 bytes)
1695471217.306463 sending message 112 to peer 0x5643bfacd080 (8 bytes)
1695471217.306467 sending message 112 to peer 0x5643bfacd080 (8 bytes)
1695471217.306472 sending message 112 to peer 0x5643bfacd080 (13 bytes)
1695471217.306475 sending message 112 to peer 0x5643bfacd080 (7 bytes)
1695471217.306479 sending message 112 to peer 0x5643bfacd080 (7 bytes)
1695471217.306483 sending message 112 to peer 0x5643bfacd080 (9 bytes)
1695471217.306488 sending message 112 to peer 0x5643bfacd080 (9 bytes)
1695471217.306492 sending message 112 to peer 0x5643bfacd080 (15 bytes)
1695471217.306495 sending message 112 to peer 0x5643bfacd080 (13 bytes)
1695471217.306498 sending message 112 to peer 0x5643bfacd080 (12 bytes)
1695471217.306502 sending message 112 to peer 0x5643bfacd080 (8 bytes)
1695471217.306506 sending message 112 to peer 0x5643bfacd080 (14 bytes)
1695471217.306509 sending message 112 to peer 0x5643bfacd080 (11 bytes)
1695471217.306513 sending message 112 to peer 0x5643bfacd080 (9 bytes)
1695471217.306517 sending message 112 to peer 0x5643bfacd080 (10 bytes)
1695471217.306520 sending message 112 to peer 0x5643bfacd080 (10 bytes)
1695471217.306528 sending message 112 to peer 0x5643bfacd080 (10 bytes)
1695471217.306531 sending message 112 to peer 0x5643bfacd080 (10 bytes)
1695471217.306543 sending message 112 to peer 0x5643bfacd080 (11 bytes)
1695471217.306547 sending message 112 to peer 0x5643bfacd080 (12 bytes)
1695471217.306551 sending message 112 to peer 0x5643bfacd080 (12 bytes)
1695471217.306555 sending message 112 to peer 0x5643bfacd080 (12 bytes)
1695471217.306559 sending message 112 to peer 0x5643bfacd080 (12 bytes)
1695471217.306563 sending message 112 to peer 0x5643bfacd080 (12 bytes)
1695471217.306567 sending message 112 to peer 0x5643bfacd080 (11 bytes)
1695471217.306571 sending message 112 to peer 0x5643bfacd080 (11 bytes)
1695471217.306575 sending message 112 to peer 0x5643bfacd080 (12 bytes)
1695471217.306579 sending message 112 to peer 0x5643bfacd080 (12 bytes)
1695471217.306583 sending message 112 to peer 0x5643bfacd080 (12 bytes)
1695471217.306587 sending message 112 to peer 0x5643bfacd080 (12 bytes)
1695471217.306591 sending message 112 to peer 0x5643bfacd080 (12 bytes)
1695471217.306595 sending message 112 to peer 0x5643bfacd080 (9 bytes)
1695471217.306599 sending message 112 to peer 0x5643bfacd080 (12 bytes)
1695471217.306603 sending message 112 to peer 0x5643bfacd080 (13 bytes)
1695471217.306607 sending message 112 to peer 0x5643bfacd080 (13 bytes)
1695471217.306611 sending message 112 to peer 0x5643bfacd080 (13 bytes)
1695471217.306615 sending message 112 to peer 0x5643bfacd080 (13 bytes)
1695471217.306619 sending message 112 to peer 0x5643bfacd080 (13 bytes)
1695471217.306622 sending message 112 to peer 0x5643bfacd080 (8 bytes)
1695471217.306626 sending message 112 to peer 0x5643bfacd080 (11 bytes)
1695471217.306630 sending message 112 to peer 0x5643bfacd080 (11 bytes)
1695471217.306634 sending message 112 to peer 0x5643bfacd080 (11 bytes)
1695471217.306638 sending message 112 to peer 0x5643bfacd080 (12 bytes)
1695471217.306642 sending message 112 to peer 0x5643bfacd080 (12 bytes)
1695471217.306645 sending message 112 to peer 0x5643bfacd080 (12 bytes)
1695471217.306650 sending message 112 to peer 0x5643bfacd080 (12 bytes)
1695471217.306653 sending message 112 to peer 0x5643bfacd080 (13 bytes)
1695471217.306657 sending message 112 to peer 0x5643bfacd080 (13 bytes)
1695471217.306661 sending message 112 to peer 0x5643bfacd080 (13 bytes)
1695471217.306666 sending message 112 to peer 0x5643bfacd080 (8 bytes)
1695471217.306670 sending message 112 to peer 0x5643bfacd080 (13 bytes)
1695471217.306674 sending message 112 to peer 0x5643bfacd080 (13 bytes)
1695471217.306677 sending message 112 to peer 0x5643bfacd080 (13 bytes)
1695471217.306681 sending message 112 to peer 0x5643bfacd080 (13 bytes)
1695471217.306685 sending message 112 to peer 0x5643bfacd080 (13 bytes)
1695471217.306689 sending message 112 to peer 0x5643bfacd080 (12 bytes)
1695471217.306693 sending message 112 to peer 0x5643bfacd080 (12 bytes)
1695471217.306700 sending message 112 to peer 0x5643bfacd080 (12 bytes)
1695471217.306703 sending message 112 to peer 0x5643bfacd080 (12 bytes)
1695471217.306707 sending message 112 to peer 0x5643bfacd080 (13 bytes)
1695471217.306710 sending message 112 to peer 0x5643bfacd080 (8 bytes)
1695471217.306714 sending message 112 to peer 0x5643bfacd080 (13 bytes)
1695471217.306717 sending message 112 to peer 0x5643bfacd080 (13 bytes)
1695471217.306721 sending message 112 to peer 0x5643bfacd080 (13 bytes)
1695471217.306724 sending message 112 to peer 0x5643bfacd080 (13 bytes)
1695471217.306728 sending message 112 to peer 0x5643bfacd080 (13 bytes)
1695471217.306731 sending message 112 to peer 0x5643bfacd080 (13 bytes)
1695471217.306735 sending message 112 to peer 0x5643bfacd080 (13 bytes)
1695471217.306738 sending message 112 to peer 0x5643bfacd080 (12 bytes)
1695471217.306742 sending message 112 to peer 0x5643bfacd080 (12 bytes)
1695471217.306745 sending message 112 to peer 0x5643bfacd080 (12 bytes)
1695471217.306749 sending message 112 to peer 0x5643bfacd080 (8 bytes)
1695471217.306752 sending message 112 to peer 0x5643bfacd080 (12 bytes)
1695471217.306756 sending message 112 to peer 0x5643bfacd080 (13 bytes)
1695471217.306759 sending message 112 to peer 0x5643bfacd080 (13 bytes)
1695471217.306772 sending message 112 to peer 0x5643bfacd080 (13 bytes)
1695471217.306775 sending message 112 to peer 0x5643bfacd080 (13 bytes)
1695471217.306779 sending message 112 to peer 0x5643bfacd080 (13 bytes)
1695471217.306782 sending message 112 to peer 0x5643bfacd080 (13 bytes)
1695471217.306788 sending message 112 to peer 0x5643bfacd080 (13 bytes)
1695471217.306792 sending message 112 to peer 0x5643bfacd080 (13 bytes)
1695471217.306796 sending message 112 to peer 0x5643bfacd080 (12 bytes)
1695471217.306800 sending message 112 to peer 0x5643bfacd080 (10 bytes)
1695471217.306805 sending message 112 to peer 0x5643bfacd080 (12 bytes)
1695471217.306809 sending message 112 to peer 0x5643bfacd080 (12 bytes)
1695471217.306812 sending message 112 to peer 0x5643bfacd080 (12 bytes)
1695471217.306815 sending message 112 to peer 0x5643bfacd080 (13 bytes)
1695471217.306819 sending message 112 to peer 0x5643bfacd080 (13 bytes)
1695471217.306822 sending message 112 to peer 0x5643bfacd080 (13 bytes)
1695471217.306826 sending message 112 to peer 0x5643bfacd080 (13 bytes)
1695471217.306831 sending message 112 to peer 0x5643bfacd080 (13 bytes)
1695471217.306834 sending message 112 to peer 0x5643bfacd080 (13 bytes)
1695471217.306839 sending message 112 to peer 0x5643bfacd080 (13 bytes)
1695471217.306843 sending message 112 to peer 0x5643bfacd080 (10 bytes)
1695471217.306847 sending message 112 to peer 0x5643bfacd080 (13 bytes)
1695471217.306850 sending message 112 to peer 0x5643bfacd080 (12 bytes)
1695471217.306855 sending message 112 to peer 0x5643bfacd080 (12 bytes)
1695471217.306859 sending message 112 to peer 0x5643bfacd080 (12 bytes)
1695471217.306863 sending message 112 to peer 0x5643bfacd080 (10 bytes)
1695471217.306867 sending message 112 to peer 0x5643bfacd080 (10 bytes)
1695471217.306871 sending message 112 to peer 0x5643bfacd080 (10 bytes)
1695471217.306874 sending message 112 to peer 0x5643bfacd080 (12 bytes)
1695471217.306877 sending message 112 to peer 0x5643bfacd080 (13 bytes)
1695471217.306881 sending message 112 to peer 0x5643bfacd080 (13 bytes)
1695471217.306886 sending message 112 to peer 0x5643bfacd080 (13 bytes)
1695471217.306890 sending message 112 to peer 0x5643bfacd080 (13 bytes)
1695471217.306894 sending message 112 to peer 0x5643bfacd080 (13 bytes)
1695471217.306897 sending message 112 to peer 0x5643bfacd080 (10 bytes)
1695471217.306902 sending message 112 to peer 0x5643bfacd080 (11 bytes)
1695471217.306905 sending message 112 to peer 0x5643bfacd080 (12 bytes)
1695471217.306909 sending message 112 to peer 0x5643bfacd080 (12 bytes)
1695471217.306913 sending message 112 to peer 0x5643bfacd080 (12 bytes)
1695471217.306917 sending message 112 to peer 0x5643bfacd080 (12 bytes)
1695471217.306921 sending message 112 to peer 0x5643bfacd080 (12 bytes)
1695471217.306925 sending message 112 to peer 0x5643bfacd080 (11 bytes)
1695471217.306928 sending message 112 to peer 0x5643bfacd080 (12 bytes)
1695471217.306933 sending message 112 to peer 0x5643bfacd080 (12 bytes)
1695471217.306936 sending message 112 to peer 0x5643bfacd080 (13 bytes)
1695471217.306941 sending message 112 to peer 0x5643bfacd080 (13 bytes)
1695471217.306945 sending message 112 to peer 0x5643bfacd080 (13 bytes)
1695471217.306949 sending message 112 to peer 0x5643bfacd080 (13 bytes)
1695471217.306952 sending message 112 to peer 0x5643bfacd080 (13 bytes)
1695471217.306956 sending message 112 to peer 0x5643bfacd080 (10 bytes)
1695471217.306960 sending message 112 to peer 0x5643bfacd080 (9 bytes)
1695471217.306965 sending message 112 to peer 0x5643bfacd080 (12 bytes)
1695471217.306968 sending message 112 to peer 0x5643bfacd080 (13 bytes)
1695471217.306973 sending message 112 to peer 0x5643bfacd080 (13 bytes)
1695471217.306977 sending message 112 to peer 0x5643bfacd080 (13 bytes)
1695471217.306981 sending message 112 to peer 0x5643bfacd080 (13 bytes)
1695471217.306985 sending message 112 to peer 0x5643bfacd080 (13 bytes)
1695471217.306989 sending message 112 to peer 0x5643bfacd080 (9 bytes)
1695471217.306998 sending message 112 to peer 0x5643bfacd080 (12 bytes)
1695471217.307002 sending message 112 to peer 0x5643bfacd080 (13 bytes)
1695471217.307007 sending message 112 to peer 0x5643bfacd080 (13 bytes)
1695471217.307011 sending message 112 to peer 0x5643bfacd080 (13 bytes)
1695471217.307015 sending message 112 to peer 0x5643bfacd080 (13 bytes)
1695471217.307018 sending message 112 to peer 0x5643bfacd080 (13 bytes)
1695471217.307022 sending message 112 to peer 0x5643bfacd080 (11 bytes)
1695471217.307025 sending message 112 to peer 0x5643bfacd080 (12 bytes)
1695471217.307029 sending message 112 to peer 0x5643bfacd080 (13 bytes)
1695471217.307032 sending message 112 to peer 0x5643bfacd080 (13 bytes)
1695471217.307037 sending message 112 to peer 0x5643bfacd080 (13 bytes)
1695471217.307041 sending message 112 to peer 0x5643bfacd080 (13 bytes)
1695471217.307045 sending message 112 to peer 0x5643bfacd080 (13 bytes)
1695471217.307049 sending message 112 to peer 0x5643bfacd080 (11 bytes)
1695471217.307053 sending message 112 to peer 0x5643bfacd080 (12 bytes)
1695471217.307056 sending message 112 to peer 0x5643bfacd080 (12 bytes)
1695471217.307060 sending message 112 to peer 0x5643bfacd080 (12 bytes)
1695471217.307064 sending message 112 to peer 0x5643bfacd080 (12 bytes)
1695471217.307067 sending message 112 to peer 0x5643bfacd080 (12 bytes)
1695471217.307071 sending message 112 to peer 0x5643bfacd080 (21 bytes)
1695471217.307075 sending message 112 to peer 0x5643bfacd080 (12 bytes)
1695471217.307078 sending message 112 to peer 0x5643bfacd080 (9 bytes)
1695471217.307082 sending message 112 to peer 0x5643bfacd080 (6 bytes)
1695471217.307086 sending message 112 to peer 0x5643bfacd080 (13 bytes)
1695471217.307090 sending message 112 to peer 0x5643bfacd080 (10 bytes)
1695471217.307094 sending message 112 to peer 0x5643bfacd080 (24 bytes)
1695471217.307098 sending message 112 to peer 0x5643bfacd080 (13 bytes)
1695471217.307102 sending message 112 to peer 0x5643bfacd080 (9 bytes)
1695471217.307106 sending message 112 to peer 0x5643bfacd080 (70 bytes)
1695471217.307110 sending message 112 to peer 0x5643bfacd080 (69 bytes)
1695471217.307114 sending message 112 to peer 0x5643bfacd080 (12 bytes)
1695471217.307117 sending message 112 to peer 0x5643bfacd080 (10 bytes)
1695471217.307121 sending message 112 to peer 0x5643bfacd080 (10 bytes)
1695471217.307125 sending message 112 to peer 0x5643bfacd080 (24 bytes)
1695471217.307130 sending message 112 to peer 0x5643bfacd080 (13 bytes)
1695471217.307134 sending message 112 to peer 0x5643bfacd080 (10 bytes)
1695471217.307137 sending message 112 to peer 0x5643bfacd080 (10 bytes)
1695471217.307141 sending message 112 to peer 0x5643bfacd080 (10 bytes)
1695471217.307146 sending message 112 to peer 0x5643bfacd080 (13 bytes)
1695471217.307149 sending message 112 to peer 0x5643bfacd080 (15 bytes)
1695471217.307153 sending message 112 to peer 0x5643bfacd080 (5 bytes)
1695471217.307157 sending message 104 to peer 0x5643bfacd080 (0 bytes)
1695471217.307162 sending message 110 to peer 0x5643bfacd080 (0 bytes)
1695471217.307165 sending message 107 to peer 0x5643bfacd080 (4 bytes)
1695471217.307169 sending message 105 to peer 0x5643bfacd080 (57 bytes)
1695471217.307172 sending message 105 to peer 0x5643bfacd080 (49 bytes)
1695471217.307176 sending message 105 to peer 0x5643bfacd080 (20 bytes)
1695471217.307180 sending message 105 to peer 0x5643bfacd080 (23 bytes)
1695471217.307184 sending message 105 to peer 0x5643bfacd080 (16 bytes)
1695471217.307188 sending message 105 to peer 0x5643bfacd080 (32 bytes)
1695471217.307196 sending message 105 to peer 0x5643bfacd080 (18 bytes)
1695471217.307200 sending message 105 to peer 0x5643bfacd080 (47 bytes)
1695471217.307204 sending message 105 to peer 0x5643bfacd080 (52 bytes)
1695471217.307208 sending message 105 to peer 0x5643bfacd080 (88 bytes)
1695471217.307211 sending message 105 to peer 0x5643bfacd080 (23 bytes)
1695471217.307216 sending message 105 to peer 0x5643bfacd080 (17 bytes)
1695471217.307220 sending message 105 to peer 0x5643bfacd080 (41 bytes)
1695471217.307228 sending message 105 to peer 0x5643bfacd080 (15 bytes)
1695471217.307232 sending message 105 to peer 0x5643bfacd080 (31 bytes)
1695471217.307236 sending message 105 to peer 0x5643bfacd080 (16 bytes)
1695471217.307239 sending message 105 to peer 0x5643bfacd080 (58 bytes)
1695471217.307244 sending message 105 to peer 0x5643bfacd080 (121 bytes)
1695471217.307248 sending message 105 to peer 0x5643bfacd080 (55 bytes)
1695471217.307251 sending message 105 to peer 0x5643bfacd080 (23 bytes)
1695471217.307254 sending message 105 to peer 0x5643bfacd080 (73 bytes)
1695471217.307256 sending message 105 to peer 0x5643bfacd080 (11 bytes)
1695471217.307259 sending message 105 to peer 0x5643bfacd080 (30 bytes)
1695471217.307262 sending message 105 to peer 0x5643bfacd080 (22 bytes)
1695471217.307265 sending message 105 to peer 0x5643bfacd080 (8 bytes)
1695471217.307268 sending message 105 to peer 0x5643bfacd080 (22 bytes)
1695471217.307270 sending message 105 to peer 0x5643bfacd080 (38 bytes)
1695471217.307273 sending message 105 to peer 0x5643bfacd080 (54 bytes)
1695471217.307275 sending message 105 to peer 0x5643bfacd080 (15 bytes)
1695471217.307279 sending message 105 to peer 0x5643bfacd080 (20 bytes)
1695471217.307282 sending message 105 to peer 0x5643bfacd080 (29 bytes)
1695471217.307284 sending message 105 to peer 0x5643bfacd080 (17 bytes)
1695471217.307287 sending message 105 to peer 0x5643bfacd080 (33 bytes)
1695471217.307289 sending message 105 to peer 0x5643bfacd080 (21 bytes)
1695471217.307293 sending message 105 to peer 0x5643bfacd080 (30 bytes)
1695471217.307296 sending message 105 to peer 0x5643bfacd080 (24 bytes)
1695471217.307298 sending message 105 to peer 0x5643bfacd080 (75 bytes)
1695471217.307301 sending message 105 to peer 0x5643bfacd080 (30 bytes)
1695471217.307303 sending message 105 to peer 0x5643bfacd080 (29 bytes)
1695471217.307307 sending message 105 to peer 0x5643bfacd080 (12 bytes)
1695471217.307310 sending message 105 to peer 0x5643bfacd080 (329 bytes)
1695471217.307312 sending message 105 to peer 0x5643bfacd080 (21 bytes)
1695471217.307315 sending message 105 to peer 0x5643bfacd080 (25 bytes)
1695471217.307317 sending message 105 to peer 0x5643bfacd080 (30 bytes)
1695471217.307321 sending message 105 to peer 0x5643bfacd080 (24 bytes)
1695471217.307324 sending message 105 to peer 0x5643bfacd080 (24 bytes)
1695471217.307326 sending message 105 to peer 0x5643bfacd080 (51 bytes)
1695471217.307329 sending message 105 to peer 0x5643bfacd080 (29 bytes)
1695471217.307331 sending message 105 to peer 0x5643bfacd080 (28 bytes)
1695471217.307334 sending message 105 to peer 0x5643bfacd080 (18 bytes)
1695471217.307338 sending message 105 to peer 0x5643bfacd080 (31 bytes)
1695471217.307340 sending message 105 to peer 0x5643bfacd080 (139 bytes)
1695471217.307343 sending message 105 to peer 0x5643bfacd080 (82 bytes)
1695471217.307345 sending message 105 to peer 0x5643bfacd080 (15 bytes)
1695471217.307348 sending message 105 to peer 0x5643bfacd080 (20 bytes)
1695471217.307352 sending message 105 to peer 0x5643bfacd080 (22 bytes)
1695471217.307354 sending message 105 to peer 0x5643bfacd080 (58 bytes)
1695471217.307357 sending message 105 to peer 0x5643bfacd080 (11 bytes)
1695471217.307359 sending message 105 to peer 0x5643bfacd080 (28 bytes)
1695471217.307362 sending message 105 to peer 0x5643bfacd080 (25 bytes)
1695471217.307368 sending message 105 to peer 0x5643bfacd080 (23 bytes)
1695471217.307370 sending message 105 to peer 0x5643bfacd080 (21 bytes)
1695471217.307373 sending message 105 to peer 0x5643bfacd080 (23 bytes)
1695471217.307376 sending message 105 to peer 0x5643bfacd080 (15 bytes)
1695471217.307379 sending message 105 to peer 0x5643bfacd080 (20 bytes)
1695471217.307381 sending message 105 to peer 0x5643bfacd080 (27 bytes)
1695471217.307384 sending message 105 to peer 0x5643bfacd080 (22 bytes)
1695471217.307386 sending message 106 to peer 0x5643bfacd080 (0 bytes)
1695471217.307417 sending message 200 to peer 0x5643bfacd080 (4 bytes)
1695471217.307421 client loop enter
1695471217.310195 peer 0x5643bfacd080 message 207
1695471217.310211 sending message 208 to peer 0x5643bfacd080 (0 bytes)
1695471219.171567 peer 0x5643bfacd080 message 201
1695471219.171588 sending message 205 to peer 0x5643bfacd080 (0 bytes)
1695471219.171794 peer 0x5643bfacd080 message 204
1695471219.171802 client loop exit
